<?xml version="1.0" encoding="UTF-8"?>
<!-- Generated by org.testng.reporters.JUnitXMLReporter -->
<testsuite ignored="0" hostname="menaka" failures="0" tests="3" name="Test" time="5.013" errors="0" timestamp="2023-06-29T13:17:50 EDT">
  <testcase classname="com.auto.tests.HomePageTest" name="test2" time="0.187"/>
  <testcase classname="com.auto.tests.LoginTest" name="test1" time="0.256"/>
  <testcase classname="com.auto.tests.HomePageTest" name="test3" time="0.189"/>
</testsuite> <!-- Test -->
